info it worked if it ends with ok
verbose cli [ 'node', '/usr/bin/npm', 'install', '--save', 'gulp' ]
info using npm@1.1.4
info using node@v0.6.12
verbose config file /home/aluno/.npmrc
verbose config file /usr/etc/npmrc
verbose config file /usr/share/npm/npmrc
verbose caching /home/aluno/programas/package.json
verbose loadDefaults ldm@0.0.0
verbose from cache /home/aluno/programas/package.json
verbose readDependencies: using package.json deps
verbose cache add [ 'gulp', null ]
silly cache add: name, spec, args [ undefined, 'gulp', [ 'gulp', null ] ]
verbose parsed url { pathname: 'gulp', path: 'gulp', href: 'gulp' }
verbose addNamed [ 'gulp', '' ]
verbose addNamed [ null, '' ]
silly name, range, hasData [ 'gulp', '', false ]
verbose raw, before any munging gulp
verbose url resolving [ 'https://registry.npmjs.org/', './gulp' ]
verbose url resolved https://registry.npmjs.org/gulp
http GET https://registry.npmjs.org/gulp
ERR! Error: failed to fetch from registry: gulp
ERR!     at /usr/share/npm/lib/utils/npm-registry-client/get.js:139:12
ERR!     at cb (/usr/share/npm/lib/utils/npm-registry-client/request.js:31:9)
ERR!     at Request._callback (/usr/share/npm/lib/utils/npm-registry-client/request.js:136:18)
ERR!     at Request.callback (/usr/lib/nodejs/request/main.js:119:22)
ERR!     at Request.<anonymous> (/usr/lib/nodejs/request/main.js:212:58)
ERR!     at Request.emit (events.js:88:20)
ERR!     at ClientRequest.<anonymous> (/usr/lib/nodejs/request/main.js:209:10)
ERR!     at ClientRequest.emit (events.js:67:17)
ERR!     at CleartextStream.<anonymous> (http.js:1137:11)
ERR!     at CleartextStream.emit (events.js:67:17)
ERR! You may report this log at:
ERR!     <http://bugs.debian.org/npm>
ERR! or use
ERR!     reportbug --attach /home/aluno/programas/npm-debug.log npm
ERR! 
ERR! System Linux 3.13.0-32-generic
ERR! command "node" "/usr/bin/npm" "install" "--save" "gulp"
ERR! cwd /home/aluno/programas
ERR! node -v v0.6.12
ERR! npm -v 1.1.4
ERR! message failed to fetch from registry: gulp
verbose exit [ 1, true ]
